{
"ClientApp\\app\\containers\\counter\\counter.component.ts":{"path":"ClientApp\\app\\containers\\counter\\counter.component.ts","statementMap":{"1":{"start":{"line":7,"column":0},"end":{"line":13,"column":0}},"2":{"start":{"line":8,"column":11},"end":{"line":8,"column":28}},"3":{"start":{"line":10,"column":11},"end":{"line":12,"column":5}},"4":{"start":{"line":11,"column":8},"end":{"line":11,"column":28}},"5":{"start":{"line":7,"column":13},"end":{"line":13,"column":1}},"6":{"start":{"line":13,"column":0},"end":{"line":13,"column":1}}},"fnMap":{"1":{"name":"(anonymous_1)","line":7,"loc":{"start":{"line":7,"column":0},"end":{"line":7,"column":-1}}},"2":{"name":"CounterComponent","line":3,"loc":{"start":{"line":3,"column":0},"end":{"line":13,"column":1}}},"3":{"name":"(anonymous_3)","line":10,"loc":{"start":{"line":10,"column":4},"end":{"line":12,"column":5}}}},"branchMap":{},"s":{"1":1,"2":2,"3":1,"4":1,"5":1,"6":1},"b":{},"f":{"1":1,"2":2,"3":1},"l":{"7":1,"8":2,"10":1,"11":1,"13":1}},
"ClientApp\\app\\shared\\constants\\baseurl.constants.ts":{"path":"ClientApp\\app\\shared\\constants\\baseurl.constants.ts","statementMap":{"1":{"start":{"line":3,"column":26},"end":{"line":3,"column":66}}},"fnMap":{},"branchMap":{},"s":{"1":1},"b":{},"f":{},"l":{"3":1}},
"ClientApp\\modules\\transfer-state\\transfer-state.ts":{"path":"ClientApp\\modules\\transfer-state\\transfer-state.ts","statementMap":{"1":{"start":{"line":4,"column":0},"end":{"line":40,"column":0}},"2":{"start":{"line":5,"column":10},"end":{"line":5,"column":40}},"3":{"start":{"line":9,"column":2},"end":{"line":11,"column":3}},"4":{"start":{"line":10,"column":4},"end":{"line":10,"column":28}},"5":{"start":{"line":13,"column":2},"end":{"line":17,"column":3}},"6":{"start":{"line":14,"column":24},"end":{"line":14,"column":42}},"7":{"start":{"line":15,"column":4},"end":{"line":15,"column":26}},"8":{"start":{"line":16,"column":4},"end":{"line":16,"column":23}},"9":{"start":{"line":19,"column":2},"end":{"line":21,"column":3}},"10":{"start":{"line":20,"column":4},"end":{"line":20,"column":37}},"11":{"start":{"line":23,"column":2},"end":{"line":30,"column":3}},"12":{"start":{"line":23,"column":2},"end":{"line":30,"column":2}},"13":{"start":{"line":24,"column":16},"end":{"line":24,"column":18}},"14":{"start":{"line":25,"column":4},"end":{"line":28,"column":9}},"15":{"start":{"line":27,"column":8},"end":{"line":27,"column":33}},"16":{"start":{"line":29,"column":4},"end":{"line":29,"column":15}},"17":{"start":{"line":32,"column":2},"end":{"line":37,"column":3}},"18":{"start":{"line":32,"column":2},"end":{"line":37,"column":2}},"19":{"start":{"line":33,"column":4},"end":{"line":36,"column":9}},"20":{"start":{"line":35,"column":8},"end":{"line":35,"column":32}},"21":{"start":{"line":39,"column":2},"end":{"line":39,"column":20}},"22":{"start":{"line":4,"column":13},"end":{"line":40,"column":1}},"23":{"start":{"line":40,"column":0},"end":{"line":40,"column":1}}},"fnMap":{"1":{"name":"(anonymous_2)","line":4,"loc":{"start":{"line":4,"column":0},"end":{"line":4,"column":-1}}},"2":{"name":"TransferState","line":7,"loc":{"start":{"line":7,"column":2},"end":{"line":7,"column":19}}},"3":{"name":"(anonymous_4)","line":9,"loc":{"start":{"line":9,"column":2},"end":{"line":11,"column":3}}},"4":{"name":"(anonymous_5)","line":13,"loc":{"start":{"line":13,"column":17},"end":{"line":17,"column":3}}},"5":{"name":"(anonymous_6)","line":19,"loc":{"start":{"line":19,"column":29},"end":{"line":21,"column":3}}},"6":{"name":"(anonymous_7)","line":23,"loc":{"start":{"line":23,"column":2},"end":{"line":30,"column":3}}},"7":{"name":"(anonymous_8)","line":26,"loc":{"start":{"line":26,"column":18},"end":{"line":28,"column":7}}},"8":{"name":"(anonymous_9)","line":32,"loc":{"start":{"line":32,"column":21},"end":{"line":37,"column":3}}},"9":{"name":"(anonymous_10)","line":34,"loc":{"start":{"line":34,"column":18},"end":{"line":36,"column":7}}},"10":{"name":"(anonymous_11)","line":39,"loc":{"start":{"line":39,"column":2},"end":{"line":39,"column":20}}}},"branchMap":{},"s":{"1":1,"2":0,"3":1,"4":0,"5":1,"6":0,"7":0,"8":0,"9":1,"10":0,"11":1,"12":0,"13":0,"14":0,"15":0,"16":0,"17":1,"18":0,"19":0,"20":0,"21":1,"22":1,"23":1},"b":{},"f":{"1":1,"2":0,"3":0,"4":0,"5":0,"6":0,"7":0,"8":0,"9":0,"10":0},"l":{"4":1,"5":0,"9":1,"10":0,"13":1,"14":0,"15":0,"16":0,"19":1,"20":0,"23":1,"24":0,"25":0,"27":0,"29":0,"32":1,"33":0,"35":0,"39":1,"40":1}},
"ClientApp\\modules\\transfer-http\\transfer-http.ts":{"path":"ClientApp\\modules\\transfer-http\\transfer-http.ts","statementMap":{"1":{"start":{"line":13,"column":0},"end":{"line":152,"column":0}},"2":{"start":{"line":18,"column":33},"end":{"line":18,"column":43}},"3":{"start":{"line":19,"column":12},"end":{"line":19,"column":22}},"4":{"start":{"line":20,"column":14},"end":{"line":20,"column":42}},"5":{"start":{"line":15,"column":10},"end":{"line":15,"column":55}},"6":{"start":{"line":23,"column":2},"end":{"line":27,"column":3}},"7":{"start":{"line":23,"column":2},"end":{"line":27,"column":2}},"8":{"start":{"line":24,"column":4},"end":{"line":26,"column":7}},"9":{"start":{"line":25,"column":6},"end":{"line":25,"column":45}},"10":{"start":{"line":31,"column":2},"end":{"line":35,"column":3}},"11":{"start":{"line":31,"column":2},"end":{"line":35,"column":2}},"12":{"start":{"line":32,"column":4},"end":{"line":34,"column":7}},"13":{"start":{"line":33,"column":6},"end":{"line":33,"column":41}},"14":{"start":{"line":39,"column":2},"end":{"line":43,"column":3}},"15":{"start":{"line":39,"column":2},"end":{"line":43,"column":2}},"16":{"start":{"line":40,"column":4},"end":{"line":42,"column":7}},"17":{"start":{"line":41,"column":6},"end":{"line":41,"column":48}},"18":{"start":{"line":47,"column":2},"end":{"line":52,"column":3}},"19":{"start":{"line":47,"column":2},"end":{"line":52,"column":2}},"20":{"start":{"line":49,"column":4},"end":{"line":51,"column":7}},"21":{"start":{"line":50,"column":6},"end":{"line":50,"column":47}},"22":{"start":{"line":56,"column":2},"end":{"line":60,"column":3}},"23":{"start":{"line":56,"column":2},"end":{"line":60,"column":2}},"24":{"start":{"line":57,"column":4},"end":{"line":59,"column":7}},"25":{"start":{"line":58,"column":6},"end":{"line":58,"column":44}},"26":{"start":{"line":64,"column":2},"end":{"line":68,"column":3}},"27":{"start":{"line":64,"column":2},"end":{"line":68,"column":2}},"28":{"start":{"line":65,"column":4},"end":{"line":67,"column":7}},"29":{"start":{"line":66,"column":6},"end":{"line":66,"column":48}},"30":{"start":{"line":72,"column":2},"end":{"line":76,"column":3}},"31":{"start":{"line":72,"column":2},"end":{"line":76,"column":2}},"32":{"start":{"line":73,"column":4},"end":{"line":75,"column":7}},"33":{"start":{"line":74,"column":6},"end":{"line":74,"column":42}},"34":{"start":{"line":80,"column":2},"end":{"line":84,"column":3}},"35":{"start":{"line":80,"column":2},"end":{"line":84,"column":2}},"36":{"start":{"line":81,"column":4},"end":{"line":83,"column":7}},"37":{"start":{"line":82,"column":6},"end":{"line":82,"column":45}},"38":{"start":{"line":86,"column":10},"end":{"line":108,"column":3}},"39":{"start":{"line":86,"column":2},"end":{"line":108,"column":2}},"40":{"start":{"line":88,"column":14},"end":{"line":88,"column":17}},"41":{"start":{"line":90,"column":4},"end":{"line":92,"column":5}},"42":{"start":{"line":91,"column":6},"end":{"line":91,"column":20}},"43":{"start":{"line":94,"column":16},"end":{"line":94,"column":45}},"44":{"start":{"line":96,"column":4},"end":{"line":107,"column":5}},"45":{"start":{"line":97,"column":6},"end":{"line":97,"column":35}},"46":{"start":{"line":100,"column":6},"end":{"line":106,"column":11}},"47":{"start":{"line":101,"column":20},"end":{"line":101,"column":30}},"48":{"start":{"line":103,"column":10},"end":{"line":105,"column":11}},"49":{"start":{"line":104,"column":12},"end":{"line":104,"column":37}},"50":{"start":{"line":110,"column":10},"end":{"line":133,"column":3}},"51":{"start":{"line":110,"column":2},"end":{"line":133,"column":2}},"52":{"start":{"line":112,"column":14},"end":{"line":112,"column":17}},"53":{"start":{"line":114,"column":4},"end":{"line":116,"column":5}},"54":{"start":{"line":115,"column":6},"end":{"line":115,"column":20}},"55":{"start":{"line":118,"column":16},"end":{"line":118,"column":42}},"56":{"start":{"line":120,"column":4},"end":{"line":132,"column":5}},"57":{"start":{"line":122,"column":6},"end":{"line":122,"column":35}},"58":{"start":{"line":125,"column":6},"end":{"line":131,"column":11}},"59":{"start":{"line":126,"column":20},"end":{"line":126,"column":30}},"60":{"start":{"line":128,"column":10},"end":{"line":130,"column":11}},"61":{"start":{"line":129,"column":12},"end":{"line":129,"column":37}},"62":{"start":{"line":135,"column":10},"end":{"line":143,"column":3}},"63":{"start":{"line":136,"column":17},"end":{"line":136,"column":39}},"64":{"start":{"line":138,"column":4},"end":{"line":140,"column":5}},"65":{"start":{"line":139,"column":6},"end":{"line":139,"column":24}},"66":{"start":{"line":142,"column":4},"end":{"line":142,"column":57}},"67":{"start":{"line":145,"column":10},"end":{"line":147,"column":3}},"68":{"start":{"line":146,"column":4},"end":{"line":146,"column":45}},"69":{"start":{"line":149,"column":10},"end":{"line":151,"column":3}},"70":{"start":{"line":150,"column":4},"end":{"line":150,"column":39}},"71":{"start":{"line":13,"column":13},"end":{"line":152,"column":1}},"72":{"start":{"line":152,"column":0},"end":{"line":152,"column":1}}},"fnMap":{"1":{"name":"(anonymous_4)","line":13,"loc":{"start":{"line":13,"column":0},"end":{"line":13,"column":-1}}},"2":{"name":"TransferHttp","line":20,"loc":{"start":{"line":20,"column":42},"end":{"line":21,"column":7}}},"3":{"name":"(anonymous_6)","line":23,"loc":{"start":{"line":23,"column":61},"end":{"line":27,"column":3}}},"4":{"name":"(anonymous_7)","line":24,"loc":{"start":{"line":24,"column":79},"end":{"line":26,"column":5}}},"5":{"name":"(anonymous_8)","line":31,"loc":{"start":{"line":31,"column":47},"end":{"line":35,"column":3}}},"6":{"name":"(anonymous_9)","line":32,"loc":{"start":{"line":32,"column":79},"end":{"line":34,"column":5}}},"7":{"name":"(anonymous_10)","line":39,"loc":{"start":{"line":39,"column":59},"end":{"line":43,"column":3}}},"8":{"name":"(anonymous_11)","line":40,"loc":{"start":{"line":40,"column":100},"end":{"line":42,"column":5}}},"9":{"name":"(anonymous_12)","line":47,"loc":{"start":{"line":47,"column":58},"end":{"line":52,"column":3}}},"10":{"name":"(anonymous_13)","line":49,"loc":{"start":{"line":49,"column":100},"end":{"line":51,"column":5}}},"11":{"name":"(anonymous_14)","line":56,"loc":{"start":{"line":56,"column":50},"end":{"line":60,"column":3}}},"12":{"name":"(anonymous_15)","line":57,"loc":{"start":{"line":57,"column":79},"end":{"line":59,"column":5}}},"13":{"name":"(anonymous_16)","line":64,"loc":{"start":{"line":64,"column":60},"end":{"line":68,"column":3}}},"14":{"name":"(anonymous_17)","line":65,"loc":{"start":{"line":65,"column":100},"end":{"line":67,"column":5}}},"15":{"name":"(anonymous_18)","line":72,"loc":{"start":{"line":72,"column":48},"end":{"line":76,"column":3}}},"16":{"name":"(anonymous_19)","line":73,"loc":{"start":{"line":73,"column":79},"end":{"line":75,"column":5}}},"17":{"name":"(anonymous_20)","line":80,"loc":{"start":{"line":80,"column":51},"end":{"line":84,"column":3}}},"18":{"name":"(anonymous_21)","line":81,"loc":{"start":{"line":81,"column":79},"end":{"line":83,"column":5}}},"19":{"name":"(anonymous_22)","line":86,"loc":{"start":{"line":86,"column":157},"end":{"line":108,"column":3}}},"20":{"name":"(anonymous_23)","line":101,"loc":{"start":{"line":101,"column":16},"end":{"line":101,"column":30}}},"21":{"name":"(anonymous_24)","line":102,"loc":{"start":{"line":102,"column":16},"end":{"line":106,"column":9}}},"22":{"name":"(anonymous_25)","line":110,"loc":{"start":{"line":110,"column":183},"end":{"line":133,"column":3}}},"23":{"name":"(anonymous_26)","line":126,"loc":{"start":{"line":126,"column":16},"end":{"line":126,"column":30}}},"24":{"name":"(anonymous_27)","line":127,"loc":{"start":{"line":127,"column":16},"end":{"line":131,"column":9}}},"25":{"name":"(anonymous_28)","line":135,"loc":{"start":{"line":135,"column":33},"end":{"line":143,"column":3}}},"26":{"name":"(anonymous_29)","line":145,"loc":{"start":{"line":145,"column":28},"end":{"line":147,"column":3}}},"27":{"name":"(anonymous_30)","line":149,"loc":{"start":{"line":149,"column":26},"end":{"line":151,"column":3}}}},"branchMap":{"1":{"line":90,"type":"if","locations":[{"start":{"line":90,"column":4},"end":{"line":92,"column":5}},{"start":{"line":90,"column":4},"end":{"line":92,"column":5}}]},"2":{"line":103,"type":"if","locations":[{"start":{"line":103,"column":10},"end":{"line":105,"column":11}},{"start":{"line":103,"column":10},"end":{"line":105,"column":11}}]},"3":{"line":114,"type":"if","locations":[{"start":{"line":114,"column":4},"end":{"line":116,"column":5}},{"start":{"line":114,"column":4},"end":{"line":116,"column":5}}]},"4":{"line":128,"type":"if","locations":[{"start":{"line":128,"column":10},"end":{"line":130,"column":11}},{"start":{"line":128,"column":10},"end":{"line":130,"column":11}}]},"5":{"line":138,"type":"if","locations":[{"start":{"line":138,"column":4},"end":{"line":140,"column":5}},{"start":{"line":138,"column":4},"end":{"line":140,"column":5}}]}},"s":{"1":1,"2":0,"3":0,"4":0,"5":0,"6":1,"7":0,"8":0,"9":0,"10":1,"11":0,"12":0,"13":0,"14":1,"15":0,"16":0,"17":0,"18":1,"19":0,"20":0,"21":0,"22":1,"23":0,"24":0,"25":0,"26":1,"27":0,"28":0,"29":0,"30":1,"31":0,"32":0,"33":0,"34":1,"35":0,"36":0,"37":0,"38":1,"39":0,"40":0,"41":0,"42":0,"43":0,"44":0,"45":0,"46":0,"47":0,"48":0,"49":0,"50":1,"51":0,"52":0,"53":0,"54":0,"55":0,"56":0,"57":0,"58":0,"59":0,"60":0,"61":0,"62":1,"63":0,"64":0,"65":0,"66":0,"67":1,"68":0,"69":1,"70":0,"71":1,"72":1},"b":{"1":[0,0],"2":[0,0],"3":[0,0],"4":[0,0],"5":[0,0]},"f":{"1":1,"2":0,"3":0,"4":0,"5":0,"6":0,"7":0,"8":0,"9":0,"10":0,"11":0,"12":0,"13":0,"14":0,"15":0,"16":0,"17":0,"18":0,"19":0,"20":0,"21":0,"22":0,"23":0,"24":0,"25":0,"26":0,"27":0},"l":{"13":1,"15":0,"18":0,"19":0,"20":0,"23":1,"24":0,"25":0,"31":1,"32":0,"33":0,"39":1,"40":0,"41":0,"47":1,"49":0,"50":0,"56":1,"57":0,"58":0,"64":1,"65":0,"66":0,"72":1,"73":0,"74":0,"80":1,"81":0,"82":0,"86":1,"88":0,"90":0,"91":0,"94":0,"96":0,"97":0,"100":0,"101":0,"103":0,"104":0,"110":1,"112":0,"114":0,"115":0,"118":0,"120":0,"122":0,"125":0,"126":0,"128":0,"129":0,"135":1,"136":0,"138":0,"139":0,"142":0,"145":1,"146":0,"149":1,"150":0,"152":1}},
"ClientApp\\app\\shared\\product.service.ts":{"path":"ClientApp\\app\\shared\\product.service.ts","statementMap":{"1":{"start":{"line":10,"column":0},"end":{"line":55,"column":0}},"2":{"start":{"line":12,"column":16},"end":{"line":12,"column":42}},"3":{"start":{"line":13,"column":16},"end":{"line":13,"column":26}},"4":{"start":{"line":14,"column":36},"end":{"line":14,"column":51}},"5":{"start":{"line":17,"column":4},"end":{"line":19,"column":5}},"6":{"start":{"line":18,"column":8},"end":{"line":18,"column":52}},"7":{"start":{"line":21,"column":12},"end":{"line":54,"column":5}},"8":{"start":{"line":22,"column":8},"end":{"line":53,"column":9}},"9":{"start":{"line":10,"column":13},"end":{"line":55,"column":1}},"10":{"start":{"line":55,"column":0},"end":{"line":55,"column":1}}},"fnMap":{"1":{"name":"(anonymous_4)","line":10,"loc":{"start":{"line":10,"column":0},"end":{"line":10,"column":-1}}},"2":{"name":"ProductService","line":14,"loc":{"start":{"line":14,"column":51},"end":{"line":15,"column":5}}},"3":{"name":"(anonymous_6)","line":17,"loc":{"start":{"line":17,"column":4},"end":{"line":19,"column":5}}},"4":{"name":"(anonymous_7)","line":21,"loc":{"start":{"line":21,"column":4},"end":{"line":54,"column":5}}}},"branchMap":{},"s":{"1":1,"2":2,"3":2,"4":2,"5":1,"6":2,"7":1,"8":2,"9":1,"10":1},"b":{},"f":{"1":1,"2":2,"3":2,"4":2},"l":{"10":1,"12":2,"13":2,"14":2,"17":1,"18":2,"21":1,"22":2,"55":1}},
"ClientApp\\app\\shared\\shoppingcart.service.ts":{"path":"ClientApp\\app\\shared\\shoppingcart.service.ts","statementMap":{"1":{"start":{"line":8,"column":0},"end":{"line":30,"column":0}},"2":{"start":{"line":11,"column":12},"end":{"line":11,"column":53}},"3":{"start":{"line":12,"column":4},"end":{"line":12,"column":56}},"4":{"start":{"line":15,"column":8},"end":{"line":15,"column":26}},"5":{"start":{"line":18,"column":4},"end":{"line":20,"column":5}},"6":{"start":{"line":19,"column":8},"end":{"line":19,"column":28}},"7":{"start":{"line":22,"column":4},"end":{"line":25,"column":5}},"8":{"start":{"line":23,"column":8},"end":{"line":23,"column":35}},"9":{"start":{"line":24,"column":8},"end":{"line":24,"column":36}},"10":{"start":{"line":27,"column":12},"end":{"line":29,"column":5}},"11":{"start":{"line":28,"column":8},"end":{"line":28,"column":57}},"12":{"start":{"line":8,"column":13},"end":{"line":30,"column":1}},"13":{"start":{"line":30,"column":0},"end":{"line":30,"column":1}}},"fnMap":{"1":{"name":"(anonymous_2)","line":8,"loc":{"start":{"line":8,"column":0},"end":{"line":8,"column":-1}}},"2":{"name":"ShoppingcartService","line":14,"loc":{"start":{"line":14,"column":4},"end":{"line":16,"column":5}}},"3":{"name":"(anonymous_4)","line":18,"loc":{"start":{"line":18,"column":4},"end":{"line":20,"column":5}}},"4":{"name":"(anonymous_5)","line":22,"loc":{"start":{"line":22,"column":31},"end":{"line":25,"column":5}}},"5":{"name":"(anonymous_6)","line":27,"loc":{"start":{"line":27,"column":4},"end":{"line":29,"column":5}}}},"branchMap":{},"s":{"1":1,"2":3,"3":3,"4":3,"5":1,"6":1,"7":1,"8":4,"9":4,"10":1,"11":4,"12":1,"13":1},"b":{},"f":{"1":1,"2":3,"3":1,"4":4,"5":4},"l":{"8":1,"11":3,"12":3,"15":3,"18":1,"19":1,"22":1,"23":4,"24":4,"27":1,"28":4,"30":1}},
"ClientApp\\app\\containers\\tech\\tech.component.ts":{"path":"ClientApp\\app\\containers\\tech\\tech.component.ts","statementMap":{"1":{"start":{"line":11,"column":0},"end":{"line":25,"column":0}},"2":{"start":{"line":16,"column":2},"end":{"line":20,"column":2}},"3":{"start":{"line":16,"column":22},"end":{"line":16,"column":52}},"4":{"start":{"line":16,"column":62},"end":{"line":16,"column":102}},"5":{"start":{"line":12,"column":9},"end":{"line":12,"column":29}},"6":{"start":{"line":17,"column":4},"end":{"line":19,"column":6}},"7":{"start":{"line":18,"column":6},"end":{"line":18,"column":30}},"8":{"start":{"line":22,"column":2},"end":{"line":24,"column":3}},"9":{"start":{"line":23,"column":4},"end":{"line":23,"column":47}},"10":{"start":{"line":11,"column":13},"end":{"line":25,"column":1}},"11":{"start":{"line":25,"column":0},"end":{"line":25,"column":1}}},"fnMap":{"1":{"name":"(anonymous_2)","line":11,"loc":{"start":{"line":11,"column":0},"end":{"line":11,"column":-1}}},"2":{"name":"TechComponent","line":16,"loc":{"start":{"line":16,"column":102},"end":{"line":20,"column":3}}},"3":{"name":"(anonymous_4)","line":17,"loc":{"start":{"line":17,"column":51},"end":{"line":19,"column":5}}},"4":{"name":"(anonymous_5)","line":22,"loc":{"start":{"line":22,"column":29},"end":{"line":24,"column":3}}}},"branchMap":{},"s":{"1":1,"2":1,"3":1,"4":1,"5":1,"6":1,"7":1,"8":1,"9":0,"10":1,"11":1},"b":{},"f":{"1":1,"2":1,"3":1,"4":0},"l":{"11":1,"12":1,"16":1,"17":1,"18":1,"22":1,"23":0,"25":1}}}
